<?xml version="1.0" encoding="UTF-8"?>
<!-- Generated by org.testng.reporters.JUnitXMLReporter -->
<testsuite ignored="1" hostname="LAPTOP-EC1OOMMQ" failures="0" tests="2" name="Test" time="63.07" errors="0" timestamp="2023-12-04T10:56:08 IST">
  <testcase classname="Opportunities.excution1" name="Swiggy" time="32.188"/>
  <testcase classname="Opportunities.excution1" name="Zomato" time="30.823"/>
  <testcase classname="Opportunities.excution1" name="Facebook" time="0.0">
    <ignored/>
  </testcase> <!-- Facebook -->
</testsuite> <!-- Test -->
