<?xml version="1.0" encoding="UTF-8"?>
<testng-results ignored="0" total="1" passed="1" failed="0" skipped="0">
  <reporter-output>
  </reporter-output>
  <suite started-at="2023-12-05T09:58:26 IST" name="Default suite" finished-at="2023-12-05T09:58:36 IST" duration-ms="10690">
    <groups>
    </groups>
    <test started-at="2023-12-05T09:58:26 IST" name="Default test" finished-at="2023-12-05T09:58:36 IST" duration-ms="10690">
      <class name="Opportunities.Databaseclass1Test">
        <test-method signature="vtigercrmTest()[pri:0, instance:Opportunities.Databaseclass1Test@6c1a5b54]" started-at="2023-12-05T09:58:26 IST" name="vtigercrmTest" finished-at="2023-12-05T09:58:36 IST" duration-ms="10643" status="PASS">
          <reporter-output>
          </reporter-output>
        </test-method> <!-- vtigercrmTest -->
      </class> <!-- Opportunities.Databaseclass1Test -->
    </test> <!-- Default test -->
  </suite> <!-- Default suite -->
</testng-results>
